<?xml version="1.0" encoding="utf-8"?><testsuites name="pytest tests"><testsuite name="pytest" errors="0" failures="0" skipped="0" tests="19" time="15.800" timestamp="2026-03-05T18:29:37.156641+00:00" hostname="agent-env-379cf998-4e4f-48e6-a7eb-b5222291db4b"><testcase classname="tests.test_duelo_backend.TestHealth" name="test_health_check" time="2.642" /><testcase classname="tests.test_duelo_backend.TestCategories" name="test_get_categories" time="0.813" /><testcase classname="tests.test_duelo_backend.TestAuth" name="test_check_pseudo_available" time="0.530" /><testcase classname="tests.test_duelo_backend.TestAuth" name="test_check_pseudo_taken" time="1.482" /><testcase classname="tests.test_duelo_backend.TestAuth" name="test_register_guest_success" time="0.829" /><testcase classname="tests.test_duelo_backend.TestAuth" name="test_register_guest_duplicate_fails" time="1.223" /><testcase classname="tests.test_duelo_backend.TestAuth" name="test_register_guest_short_pseudo" time="0.066" /><testcase classname="tests.test_duelo_backend.TestGame" name="test_get_questions_series_tv" time="0.535" /><testcase classname="tests.test_duelo_backend.TestGame" name="test_get_questions_geographie" time="0.415" /><testcase classname="tests.test_duelo_backend.TestGame" name="test_get_questions_histoire" time="0.401" /><testcase classname="tests.test_duelo_backend.TestGame" name="test_matchmaking_returns_bot" time="0.064" /><testcase classname="tests.test_duelo_backend.TestGame" name="test_submit_match_and_verify" time="2.752" /><testcase classname="tests.test_duelo_backend.TestLeaderboard" name="test_get_leaderboard_world" time="0.516" /><testcase classname="tests.test_duelo_backend.TestProfile" name="test_get_profile_success" time="1.345" /><testcase classname="tests.test_duelo_backend.TestProfile" name="test_get_profile_not_found" time="0.386" /><testcase classname="tests.test_duelo_backend.TestAdmin" name="test_admin_verify_correct_password" time="0.056" /><testcase classname="tests.test_duelo_backend.TestAdmin" name="test_admin_verify_wrong_password" time="0.057" /><testcase classname="tests.test_duelo_backend.TestAdmin" name="test_admin_import_questions" time="0.726" /><testcase classname="tests.test_duelo_backend.TestAdmin" name="test_admin_import_duplicate_detection" time="0.909" /></testsuite></testsuites>